Started at Sun Aug 21 11:02:29 UTC 2022
Processing demo-job
Offering demo-job to Project Build Discarder
Finished at Sun Aug 21 11:02:29 UTC 2022. 9ms
Started at Sun Aug 21 12:02:29 UTC 2022
Processing demo-job
Offering demo-job to Project Build Discarder
Finished at Sun Aug 21 12:02:29 UTC 2022. 1ms
Started at Sun Aug 21 13:02:29 UTC 2022
Processing demo-job
Offering demo-job to Project Build Discarder
Finished at Sun Aug 21 13:02:29 UTC 2022. 2ms
Started at Sun Aug 21 14:02:29 UTC 2022
Processing demo-job
Offering demo-job to Project Build Discarder
Finished at Sun Aug 21 14:02:29 UTC 2022. 1ms
Started at Sun Aug 21 15:02:29 UTC 2022
Processing demo-job
Offering demo-job to Project Build Discarder
Finished at Sun Aug 21 15:02:29 UTC 2022. 1ms
Started at Sun Aug 21 16:02:29 UTC 2022
Processing demo-job
Offering demo-job to Project Build Discarder
Finished at Sun Aug 21 16:02:29 UTC 2022. 1ms
Started at Sun Aug 21 17:02:29 UTC 2022
Processing demo-job
Offering demo-job to Project Build Discarder
Finished at Sun Aug 21 17:02:29 UTC 2022. 1ms
Started at Sun Aug 21 18:02:29 UTC 2022
Processing demo-job
Offering demo-job to Project Build Discarder
Finished at Sun Aug 21 18:02:29 UTC 2022. 2ms
Started at Sun Aug 21 19:02:29 UTC 2022
Processing demo-job
Offering demo-job to Project Build Discarder
Finished at Sun Aug 21 19:02:29 UTC 2022. 0ms
Started at Sun Aug 21 20:02:29 UTC 2022
Processing demo-job
Offering demo-job to Project Build Discarder
Finished at Sun Aug 21 20:02:29 UTC 2022. 1ms
Started at Sun Aug 21 21:02:29 UTC 2022
Processing demo-job
Offering demo-job to Project Build Discarder
Finished at Sun Aug 21 21:02:29 UTC 2022. 2ms
Started at Sun Aug 21 22:02:29 UTC 2022
Processing demo-job
Offering demo-job to Project Build Discarder
Finished at Sun Aug 21 22:02:29 UTC 2022. 1ms
Started at Sun Aug 21 23:02:29 UTC 2022
Processing demo-job
Offering demo-job to Project Build Discarder
Finished at Sun Aug 21 23:02:29 UTC 2022. 0ms
Started at Mon Aug 22 00:02:29 UTC 2022
Processing demo-job
Offering demo-job to Project Build Discarder
Finished at Mon Aug 22 00:02:29 UTC 2022. 2ms
Started at Mon Aug 22 01:02:29 UTC 2022
Processing demo-job
Offering demo-job to Project Build Discarder
Finished at Mon Aug 22 01:02:29 UTC 2022. 2ms
Started at Mon Aug 22 02:02:29 UTC 2022
Processing demo-job
Offering demo-job to Project Build Discarder
Finished at Mon Aug 22 02:02:29 UTC 2022. 5ms
Started at Mon Aug 22 03:02:29 UTC 2022
Processing demo-job
Offering demo-job to Project Build Discarder
Finished at Mon Aug 22 03:02:29 UTC 2022. 1ms
Started at Mon Aug 22 04:02:29 UTC 2022
Processing demo-job
Offering demo-job to Project Build Discarder
Finished at Mon Aug 22 04:02:29 UTC 2022. 0ms
Started at Mon Aug 22 05:02:29 UTC 2022
Processing demo-job
Offering demo-job to Project Build Discarder
Finished at Mon Aug 22 05:02:29 UTC 2022. 0ms
